        -:    0:Source:demo.c
        -:    1:#include <stdlib.h>
        -:    2:#include <stdio.h>
        -:    3:#include <unistd.h>
        -:    4:
function f called 1998 returned 100% blocks executed 100%
     1998:    5:  void f(void)
        -:    6:  {
     1998:    7:	  printf("Inside function f\n");
call    0 returned 100%
     1998:    8:  }                    
        -:    9:
function g called 20 returned 100% blocks executed 100%
       20:   10:  void g(void)
        -:   11:{
       20:   12:	printf("\tInside function g\n");
call    0 returned 100%
       20:   13:	sleep(1);
call    0 returned 100%
       20:   14:}
function main called 2 returned 100% blocks executed 100%
        2:   15:  int main(void)
        -:   16:  {
     2000:   17:	for (int i=0; i < 999; i++) {
branch  0 taken 100%
branch  1 taken 1% (fallthrough)
     1998:   18:     		f();
call    0 returned 100%
     1998:   19:		if (i % 100 == 0) {
branch  0 taken 1% (fallthrough)
branch  1 taken 99%
       20:   20:			g();
call    0 returned 100%
        -:   21:		}
        -:   22:	}
        2:   23:     return 0;
        -:   24:  }
